'"C:\Users\043232\Zentri\ZentriOS_SDK\tools\common\Win32\chp.exe"' is not recognized as an internal or external command,
operable program or batch file.

WARN: SDK Automatic Updater failed
SDK Version: 8741244D, ZentriOS Version: ZentriOS-WZ-3.2.0.12, Platform: AVN4343
Compiling Zentri_Platform_Common
Copying debug symbols to project directory ...
Making external_ble2bluemix-debug.zap
Generating Application ...

+---------------------+--------------+---------+
| Section             | Size (bytes) | % Total |
+---------------------+--------------+---------+
| Zero Init (.bss)    |       660    |   13.0  |
| Global Data (.data) |       340    |    6.7  |
| Zap Thread Stack    |     4.00K    |   80.4  |
| Total               |     4.98K    |    -    |
+---------------------+--------------+---------+
RAM Usage: 4.98K of 57.62K (8.6%)
+---------------------+--------------+---------+
| Section             | Size (bytes) | % Total |
+---------------------+--------------+---------+
| Zap Headers         |        96    |    0.4  |
| Code (.text)        |    20.80K    |   80.6  |
| Read-Only (.rodata) |     4.57K    |   17.7  |
| Zap Settings        |         4    |    0.0  |
| Global Data Init    |       340    |    1.3  |
| Total               |    25.80K    |    -    |
+---------------------+--------------+---------+
Flash Usage: 25.80K of 28.00K (92.1%)

Build complete
Downloading/running application on device ...
05:15:25.509 [INFO] Verifying DMS credentials ...
05:15:27.851 [INFO] DMS credentials valid
05:15:27.885 [INFO] Retrieving available platforms from DMS ...
05:15:28.592 [INFO] 3 platforms available
05:15:28.595 [INFO] Probing for connected device ...
05:15:28.596 [INFO] Discovering device connected to local computer ...
05:15:31.45 [INFO] Device discovered
05:15:31.46 [INFO] Successfully discovered device
05:15:31.49 [INFO] Retrieving device information ...
05:15:31.171 [INFO] Gathering device information from SDK
05:15:31.173 [INFO] Attempting to connect to ZentriOS
05:15:32.503 [INFO] Retrieving UUID ...
05:15:32.559 [INFO] Retrieving ZentriOS version ...
05:15:32.596 [INFO] Retrieving SDK version ...
05:15:32.631 [INFO] Retrieving security information ...
05:15:32.671 [INFO] Retrieving MAC address ...
05:15:33.121 [INFO] Successfully retrieved device information
05:15:33.122 [INFO] Device UUID: A641304100000000430070001551343037303037
05:15:33.122 [INFO] SDK Version: 8741244D
05:15:33.122 [INFO] OS Version: ZENTRI-AVN4343_XZAP-3.2.0.12, 2016-10-04T05:27:13Z, ZentriOS-XZ-3.2.0.12
05:15:33.122 [INFO] MAC address: 4C55CC145A5A
05:15:33.167 [INFO] Verifying device platform ...
05:15:33.167 [INFO] Verifying device SDK version ...
05:15:33.177 [INFO] Success
05:15:33.193 [INFO] Programming ZentriOS image ...
05:15:33.194 [INFO] Erasing internal flash ...
05:15:35.381 [INFO] Programming internal flash image ...
05:15:38.98 [INFO] Success
05:15:38.138 [INFO] No resources to download!
Finished
